2020-12-09 17:35:26,856:INFO:PyCaret Supervised Module
2020-12-09 17:35:26,856:INFO:ML Usecase: regression
2020-12-09 17:35:26,856:INFO:version 2.2.2
2020-12-09 17:35:26,857:INFO:Initializing setup()
2020-12-09 17:35:26,857:INFO:setup(target=SalePrice, ml_usecase=regression, available_plots={'parameter': 'Hyperparameters', 'residuals': 'Residuals', 'error': 'Prediction Error', 'cooks': 'Cooks Distance', 'rfe': 'Feature Selection', 'learning': 'Learning Curve', 'manifold': 'Manifold Learning', 'vc': 'Validation Curve', 'feature': 'Feature Importance', 'feature_all': 'Feature Importance (All)', 'tree': 'Decision Tree'}, train_size=0.7, test_data=None, preprocess=True, imputation_type=simple, iterative_imputation_iters=5, categorical_features=['MSSubClass'], categorical_imputation=constant, categorical_iterative_imputer=lightgbm, ordinal_features=None, high_cardinality_features=None, high_cardinality_method=frequency, numeric_features=None, numeric_imputation=mean, numeric_iterative_imputer=lightgbm, date_features=None, ignore_features=None, normalize=True, normalize_method=zscore, transformation=False, transformation_method=yeo-johnson, handle_unknown_categorical=True, unknown_categorical_method=least_frequent, pca=False, pca_method=linear, pca_components=None, ignore_low_variance=False, combine_rare_levels=False, rare_level_threshold=0.1, bin_numeric_features=None, remove_outliers=False, outliers_threshold=0.05, remove_multicollinearity=False, multicollinearity_threshold=0.9, remove_perfect_collinearity=True, create_clusters=False, cluster_iter=20, polynomial_features=False, polynomial_degree=2, trigonometry_features=False, polynomial_threshold=0.1, group_features=None, group_names=None, feature_selection=False, feature_selection_threshold=0.8, feature_selection_method=classic, feature_interaction=False, feature_ratio=False, interaction_threshold=0.01, fix_imbalance=False, fix_imbalance_method=None, transform_target=False, transform_target_method=box-cox, data_split_shuffle=True, data_split_stratify=False, fold_strategy=kfold, fold=5, fold_shuffle=False, fold_groups=None, n_jobs=-1, use_gpu=False, custom_pipeline=None, html=True, session_id=None, log_experiment=False, experiment_name=None, log_plots=False, log_profile=False, log_data=False, silent=False, verbose=True, profile=False, profile_kwargs=None, display=None)
2020-12-09 17:35:26,857:INFO:Checking environment
2020-12-09 17:35:26,857:INFO:python_version: 3.7.6
2020-12-09 17:35:26,857:INFO:python_build: ('default', 'Jan  8 2020 20:23:39')
2020-12-09 17:35:26,858:INFO:machine: AMD64
2020-12-09 17:35:26,858:INFO:platform: Windows-10-10.0.19041-SP0
2020-12-09 17:35:26,858:INFO:Memory: svmem(total=16991395840, available=2868338688, percent=83.1, used=14123057152, free=2868338688)
2020-12-09 17:35:26,858:INFO:Physical Core: 2
2020-12-09 17:35:26,858:INFO:Logical Core: 4
2020-12-09 17:35:26,858:INFO:Checking libraries
2020-12-09 17:35:26,859:INFO:pd==1.0.1
2020-12-09 17:35:26,859:INFO:numpy==1.18.1
2020-12-09 17:35:26,859:INFO:sklearn==0.23.2
2020-12-09 17:35:27,641:INFO:xgboost==1.2.1
2020-12-09 17:35:27,641:INFO:lightgbm==3.1.0
2020-12-09 17:35:27,641:INFO:catboost==0.24.3
2020-12-09 17:35:28,904:INFO:mlflow==1.12.1
2020-12-09 17:35:28,905:INFO:Checking Exceptions
2020-12-09 17:35:28,905:INFO:Declaring global variables
2020-12-09 17:35:28,905:INFO:USI: 9525
2020-12-09 17:35:28,905:INFO:pycaret_globals: {'fold_groups_param', 'data_before_preprocess', 'X_train', '_internal_pipeline', 'create_model_container', 'iterative_imputation_iters_param', '_gpu_n_jobs_param', 'transform_target_method_param', '_all_metrics', 'y_test', 'fix_imbalance_method_param', 'imputation_regressor', 'master_model_container', 'fold_param', '_all_models_internal', 'target_param', 'stratify_param', 'experiment__', 'n_jobs_param', 'fold_generator', 'seed', 'X_test', 'display_container', '_ml_usecase', 'USI', 'exp_name_log', 'transform_target_param', 'y', 'gpu_param', 'html_param', 'fix_imbalance_param', 'imputation_classifier', 'log_plots_param', 'fold_shuffle_param', 'y_train', '_all_models', 'X', '_available_plots', 'prep_pipe', 'logging_param', 'pycaret_globals'}
2020-12-09 17:35:28,905:INFO:Preparing display monitor
2020-12-09 17:35:28,906:INFO:Preparing display monitor
2020-12-09 17:35:28,952:INFO:Importing libraries
2020-12-09 17:35:28,952:INFO:Copying data for preprocessing
2020-12-09 17:35:28,977:INFO:Declaring preprocessing parameters
2020-12-09 17:35:28,982:INFO:Creating preprocessing pipeline
2020-12-09 17:35:29,142:INFO:Preprocessing pipeline created successfully
2020-12-09 17:35:29,144:ERROR:(Process Exit): setup has been interupted with user command 'quit'. setup must rerun.
2020-12-09 17:35:29,146:INFO:Creating global containers
2020-12-09 17:35:29,150:INFO:Internal pipeline: Pipeline(memory=None, steps=[('empty_step', 'passthrough')], verbose=False)
2020-12-09 17:35:47,968:INFO:Creating grid variables
2020-12-09 17:35:48,063:INFO:create_model_container: 0
2020-12-09 17:35:48,063:INFO:master_model_container: 0
2020-12-09 17:35:48,063:INFO:display_container: 0
2020-12-09 17:35:48,077:INFO:Pipeline(memory=None,
         steps=[('dtypes',
                 DataTypes_Auto_infer(categorical_features=['MSSubClass'],
                                      display_types=True, features_todrop=[],
                                      id_columns=[], ml_usecase='regression',
                                      numerical_features=[], target='SalePrice',
                                      time_features=[])),
                ('imputer',
                 Simple_Imputer(categorical_strategy='not_available',
                                fill_value_categorical=None,
                                fill_value_numerical=None,
                                nu...
                ('P_transform', 'passthrough'), ('binn', 'passthrough'),
                ('rem_outliers', 'passthrough'), ('cluster_all', 'passthrough'),
                ('dummy', Dummify(target='SalePrice')),
                ('fix_perfect', Remove_100(target='SalePrice')),
                ('clean_names', Clean_Colum_Names()),
                ('feature_select', 'passthrough'), ('fix_multi', 'passthrough'),
                ('dfs', 'passthrough'), ('pca', 'passthrough')],
         verbose=False)
2020-12-09 17:35:48,077:INFO:setup() succesfully completed......................................
2020-12-09 17:35:48,217:INFO:Initializing compare_models()
2020-12-09 17:35:48,217:INFO:compare_models(include=['catboost', 'et', 'xgboost', 'lightgbm', 'gbr', 'lasso', 'omp', 'en', 'br'], fold=5, round=4, cross_validation=True, sort=R2, n_select=1, budget_time=None, turbo=True, errors=ignore, fit_kwargs=None, groups=None, verbose=True, display=None, exclude=None)
2020-12-09 17:35:48,217:INFO:Checking exceptions
2020-12-09 17:35:48,217:INFO:Preparing display monitor
2020-12-09 17:35:48,217:INFO:Preparing display monitor
2020-12-09 17:35:48,298:INFO:Initializing CatBoost Regressor
2020-12-09 17:35:48,298:INFO:Total runtime is 0.0 minutes
2020-12-09 17:35:48,338:INFO:SubProcess create_model() called ==================================
2020-12-09 17:35:48,338:INFO:Initializing create_model()
2020-12-09 17:35:48,338:INFO:create_model(estimator=catboost, fold=KFold(n_splits=5, random_state=5933, shuffle=False), round=4, cross_validation=True, predict=True, fit_kwargs={}, groups=None, refit=False, verbose=False, system=False, metrics=None, display=<pycaret.internal.Display.Display object at 0x0000026EF1FCB608>, kwargs={})
2020-12-09 17:35:48,339:INFO:Checking exceptions
2020-12-09 17:35:48,339:INFO:Importing libraries
2020-12-09 17:35:48,339:INFO:Copying training dataset
2020-12-09 17:35:48,342:INFO:Defining folds
2020-12-09 17:35:48,343:INFO:Declaring metric variables
2020-12-09 17:35:48,364:INFO:Importing untrained model
2020-12-09 17:35:48,381:INFO:CatBoost Regressor Imported succesfully
2020-12-09 17:35:48,443:INFO:Starting cross validation
2020-12-09 17:35:48,460:INFO:Cross validating with KFold(n_splits=5, random_state=5933, shuffle=False), n_jobs=-1
2020-12-09 17:36:49,379:INFO:Calculating mean and std
2020-12-09 17:36:49,381:INFO:Creating metrics dataframe
2020-12-09 17:36:49,390:INFO:Uploading results into container
2020-12-09 17:36:49,391:INFO:Uploading model into container now
2020-12-09 17:36:49,391:INFO:create_model_container: 1
2020-12-09 17:36:49,391:INFO:master_model_container: 1
2020-12-09 17:36:49,391:INFO:display_container: 1
2020-12-09 17:36:49,391:INFO:<catboost.core.CatBoostRegressor object at 0x0000026EF1FC9AC8>
2020-12-09 17:36:49,391:INFO:create_model() succesfully completed......................................
2020-12-09 17:36:49,472:INFO:SubProcess create_model() end ==================================
2020-12-09 17:36:49,472:INFO:Creating metrics dataframe
2020-12-09 17:36:49,505:INFO:Initializing Extra Trees Regressor
2020-12-09 17:36:49,505:INFO:Total runtime is 1.0201139171918234 minutes
2020-12-09 17:36:49,527:INFO:SubProcess create_model() called ==================================
2020-12-09 17:36:49,528:INFO:Initializing create_model()
2020-12-09 17:36:49,528:INFO:create_model(estimator=et, fold=KFold(n_splits=5, random_state=5933, shuffle=False), round=4, cross_validation=True, predict=True, fit_kwargs={}, groups=None, refit=False, verbose=False, system=False, metrics=None, display=<pycaret.internal.Display.Display object at 0x0000026EF1FCB608>, kwargs={})
2020-12-09 17:36:49,529:INFO:Checking exceptions
2020-12-09 17:36:49,529:INFO:Importing libraries
2020-12-09 17:36:49,529:INFO:Copying training dataset
2020-12-09 17:36:49,532:INFO:Defining folds
2020-12-09 17:36:49,533:INFO:Declaring metric variables
2020-12-09 17:36:49,551:INFO:Importing untrained model
2020-12-09 17:36:49,570:INFO:Extra Trees Regressor Imported succesfully
2020-12-09 17:36:49,617:INFO:Starting cross validation
2020-12-09 17:36:49,618:INFO:Cross validating with KFold(n_splits=5, random_state=5933, shuffle=False), n_jobs=-1
2020-12-09 17:36:57,834:INFO:Calculating mean and std
2020-12-09 17:36:57,837:INFO:Creating metrics dataframe
2020-12-09 17:36:57,847:INFO:Uploading results into container
2020-12-09 17:36:57,847:INFO:Uploading model into container now
2020-12-09 17:36:57,847:INFO:create_model_container: 2
2020-12-09 17:36:57,847:INFO:master_model_container: 2
2020-12-09 17:36:57,848:INFO:display_container: 1
2020-12-09 17:36:57,849:INFO:ExtraTreesRegressor(bootstrap=False, ccp_alpha=0.0, criterion='mse',
                    max_depth=None, max_features='auto', max_leaf_nodes=None,
                    max_samples=None, min_impurity_decrease=0.0,
                    min_impurity_split=None, min_samples_leaf=1,
                    min_samples_split=2, min_weight_fraction_leaf=0.0,
                    n_estimators=100, n_jobs=-1, oob_score=False,
                    random_state=5933, verbose=0, warm_start=False)
2020-12-09 17:36:57,849:INFO:create_model() succesfully completed......................................
2020-12-09 17:36:57,960:INFO:SubProcess create_model() end ==================================
2020-12-09 17:36:57,961:INFO:Creating metrics dataframe
2020-12-09 17:36:58,005:INFO:Initializing Extreme Gradient Boosting
2020-12-09 17:36:58,005:INFO:Total runtime is 1.1617783268292745 minutes
2020-12-09 17:36:58,027:INFO:SubProcess create_model() called ==================================
2020-12-09 17:36:58,028:INFO:Initializing create_model()
2020-12-09 17:36:58,029:INFO:create_model(estimator=xgboost, fold=KFold(n_splits=5, random_state=5933, shuffle=False), round=4, cross_validation=True, predict=True, fit_kwargs={}, groups=None, refit=False, verbose=False, system=False, metrics=None, display=<pycaret.internal.Display.Display object at 0x0000026EF1FCB608>, kwargs={})
2020-12-09 17:36:58,029:INFO:Checking exceptions
2020-12-09 17:36:58,029:INFO:Importing libraries
2020-12-09 17:36:58,030:INFO:Copying training dataset
2020-12-09 17:36:58,033:INFO:Defining folds
2020-12-09 17:36:58,033:INFO:Declaring metric variables
2020-12-09 17:36:58,051:INFO:Importing untrained model
2020-12-09 17:36:58,074:INFO:Extreme Gradient Boosting Imported succesfully
2020-12-09 17:36:58,117:INFO:Starting cross validation
2020-12-09 17:36:58,122:INFO:Cross validating with KFold(n_splits=5, random_state=5933, shuffle=False), n_jobs=-1
2020-12-09 17:37:07,105:INFO:Calculating mean and std
2020-12-09 17:37:07,106:INFO:Creating metrics dataframe
2020-12-09 17:37:07,118:INFO:Uploading results into container
2020-12-09 17:37:07,118:INFO:Uploading model into container now
2020-12-09 17:37:07,118:INFO:create_model_container: 3
2020-12-09 17:37:07,118:INFO:master_model_container: 3
2020-12-09 17:37:07,119:INFO:display_container: 1
2020-12-09 17:37:07,121:INFO:XGBRegressor(base_score=None, booster='gbtree', colsample_bylevel=None,
             colsample_bynode=None, colsample_bytree=None, gamma=None,
             gpu_id=None, importance_type='gain', interaction_constraints=None,
             learning_rate=None, max_delta_step=None, max_depth=None,
             min_child_weight=None, missing=nan, monotone_constraints=None,
             n_estimators=100, n_jobs=-1, num_parallel_tree=None,
             objective='reg:squarederror', random_state=5933, reg_alpha=None,
             reg_lambda=None, scale_pos_weight=None, subsample=None,
             tree_method='auto', validate_parameters=None, verbosity=0)
2020-12-09 17:37:07,121:INFO:create_model() succesfully completed......................................
2020-12-09 17:37:07,215:INFO:SubProcess create_model() end ==================================
2020-12-09 17:37:07,216:INFO:Creating metrics dataframe
2020-12-09 17:37:07,260:INFO:Initializing Light Gradient Boosting Machine
2020-12-09 17:37:07,260:INFO:Total runtime is 1.3160385648409525 minutes
2020-12-09 17:37:07,285:INFO:SubProcess create_model() called ==================================
2020-12-09 17:37:07,285:INFO:Initializing create_model()
2020-12-09 17:37:07,286:INFO:create_model(estimator=lightgbm, fold=KFold(n_splits=5, random_state=5933, shuffle=False), round=4, cross_validation=True, predict=True, fit_kwargs={}, groups=None, refit=False, verbose=False, system=False, metrics=None, display=<pycaret.internal.Display.Display object at 0x0000026EF1FCB608>, kwargs={})
2020-12-09 17:37:07,286:INFO:Checking exceptions
2020-12-09 17:37:07,286:INFO:Importing libraries
2020-12-09 17:37:07,287:INFO:Copying training dataset
2020-12-09 17:37:07,291:INFO:Defining folds
2020-12-09 17:37:07,291:INFO:Declaring metric variables
2020-12-09 17:37:07,320:INFO:Importing untrained model
2020-12-09 17:37:07,351:INFO:Light Gradient Boosting Machine Imported succesfully
2020-12-09 17:37:07,412:INFO:Starting cross validation
2020-12-09 17:37:07,413:INFO:Cross validating with KFold(n_splits=5, random_state=5933, shuffle=False), n_jobs=-1
2020-12-09 17:37:09,061:INFO:Calculating mean and std
2020-12-09 17:37:09,063:INFO:Creating metrics dataframe
2020-12-09 17:37:09,074:INFO:Uploading results into container
2020-12-09 17:37:09,075:INFO:Uploading model into container now
2020-12-09 17:37:09,075:INFO:create_model_container: 4
2020-12-09 17:37:09,075:INFO:master_model_container: 4
2020-12-09 17:37:09,075:INFO:display_container: 1
2020-12-09 17:37:09,078:INFO:LGBMRegressor(boosting_type='gbdt', class_weight=None, colsample_bytree=1.0,
              importance_type='split', learning_rate=0.1, max_depth=-1,
              min_child_samples=20, min_child_weight=0.001, min_split_gain=0.0,
              n_estimators=100, n_jobs=-1, num_leaves=31, objective=None,
              random_state=5933, reg_alpha=0.0, reg_lambda=0.0, silent=True,
              subsample=1.0, subsample_for_bin=200000, subsample_freq=0)
2020-12-09 17:37:09,078:INFO:create_model() succesfully completed......................................
2020-12-09 17:37:09,209:INFO:SubProcess create_model() end ==================================
2020-12-09 17:37:09,211:INFO:Creating metrics dataframe
2020-12-09 17:37:09,276:INFO:Initializing Gradient Boosting Regressor
2020-12-09 17:37:09,276:INFO:Total runtime is 1.3496395389238993 minutes
2020-12-09 17:37:09,303:INFO:SubProcess create_model() called ==================================
2020-12-09 17:37:09,304:INFO:Initializing create_model()
2020-12-09 17:37:09,306:INFO:create_model(estimator=gbr, fold=KFold(n_splits=5, random_state=5933, shuffle=False), round=4, cross_validation=True, predict=True, fit_kwargs={}, groups=None, refit=False, verbose=False, system=False, metrics=None, display=<pycaret.internal.Display.Display object at 0x0000026EF1FCB608>, kwargs={})
2020-12-09 17:37:09,306:INFO:Checking exceptions
2020-12-09 17:37:09,306:INFO:Importing libraries
2020-12-09 17:37:09,306:INFO:Copying training dataset
2020-12-09 17:37:09,310:INFO:Defining folds
2020-12-09 17:37:09,312:INFO:Declaring metric variables
2020-12-09 17:37:09,339:INFO:Importing untrained model
2020-12-09 17:37:09,368:INFO:Gradient Boosting Regressor Imported succesfully
2020-12-09 17:37:09,425:INFO:Starting cross validation
2020-12-09 17:37:09,426:INFO:Cross validating with KFold(n_splits=5, random_state=5933, shuffle=False), n_jobs=-1
2020-12-09 17:37:12,886:INFO:Calculating mean and std
2020-12-09 17:37:12,887:INFO:Creating metrics dataframe
2020-12-09 17:37:12,900:INFO:Uploading results into container
2020-12-09 17:37:12,901:INFO:Uploading model into container now
2020-12-09 17:37:12,901:INFO:create_model_container: 5
2020-12-09 17:37:12,901:INFO:master_model_container: 5
2020-12-09 17:37:12,901:INFO:display_container: 1
2020-12-09 17:37:12,903:INFO:GradientBoostingRegressor(alpha=0.9, ccp_alpha=0.0, criterion='friedman_mse',
                          init=None, learning_rate=0.1, loss='ls', max_depth=3,
                          max_features=None, max_leaf_nodes=None,
                          min_impurity_decrease=0.0, min_impurity_split=None,
                          min_samples_leaf=1, min_samples_split=2,
                          min_weight_fraction_leaf=0.0, n_estimators=100,
                          n_iter_no_change=None, presort='deprecated',
                          random_state=5933, subsample=1.0, tol=0.0001,
                          validation_fraction=0.1, verbose=0, warm_start=False)
2020-12-09 17:37:12,904:INFO:create_model() succesfully completed......................................
2020-12-09 17:37:13,000:INFO:SubProcess create_model() end ==================================
2020-12-09 17:37:13,000:INFO:Creating metrics dataframe
2020-12-09 17:37:13,039:INFO:Initializing Lasso Regression
2020-12-09 17:37:13,039:INFO:Total runtime is 1.4123478094736734 minutes
2020-12-09 17:37:13,059:INFO:SubProcess create_model() called ==================================
2020-12-09 17:37:13,060:INFO:Initializing create_model()
2020-12-09 17:37:13,060:INFO:create_model(estimator=lasso, fold=KFold(n_splits=5, random_state=5933, shuffle=False), round=4, cross_validation=True, predict=True, fit_kwargs={}, groups=None, refit=False, verbose=False, system=False, metrics=None, display=<pycaret.internal.Display.Display object at 0x0000026EF1FCB608>, kwargs={})
2020-12-09 17:37:13,060:INFO:Checking exceptions
2020-12-09 17:37:13,060:INFO:Importing libraries
2020-12-09 17:37:13,060:INFO:Copying training dataset
2020-12-09 17:37:13,065:INFO:Defining folds
2020-12-09 17:37:13,065:INFO:Declaring metric variables
2020-12-09 17:37:13,091:INFO:Importing untrained model
2020-12-09 17:37:13,110:INFO:Lasso Regression Imported succesfully
2020-12-09 17:37:13,157:INFO:Starting cross validation
2020-12-09 17:37:13,159:INFO:Cross validating with KFold(n_splits=5, random_state=5933, shuffle=False), n_jobs=-1
2020-12-09 17:37:13,906:INFO:Calculating mean and std
2020-12-09 17:37:13,908:INFO:Creating metrics dataframe
2020-12-09 17:37:13,914:INFO:Uploading results into container
2020-12-09 17:37:13,915:INFO:Uploading model into container now
2020-12-09 17:37:13,915:INFO:create_model_container: 6
2020-12-09 17:37:13,915:INFO:master_model_container: 6
2020-12-09 17:37:13,916:INFO:display_container: 1
2020-12-09 17:37:13,916:INFO:Lasso(alpha=1.0, copy_X=True, fit_intercept=True, max_iter=1000,
      normalize=False, positive=False, precompute=False, random_state=5933,
      selection='cyclic', tol=0.0001, warm_start=False)
2020-12-09 17:37:13,917:INFO:create_model() succesfully completed......................................
2020-12-09 17:37:14,006:INFO:SubProcess create_model() end ==================================
2020-12-09 17:37:14,006:INFO:Creating metrics dataframe
2020-12-09 17:37:14,047:INFO:Initializing Orthogonal Matching Pursuit
2020-12-09 17:37:14,048:INFO:Total runtime is 1.4291735569636026 minutes
2020-12-09 17:37:14,067:INFO:SubProcess create_model() called ==================================
2020-12-09 17:37:14,068:INFO:Initializing create_model()
2020-12-09 17:37:14,068:INFO:create_model(estimator=omp, fold=KFold(n_splits=5, random_state=5933, shuffle=False), round=4, cross_validation=True, predict=True, fit_kwargs={}, groups=None, refit=False, verbose=False, system=False, metrics=None, display=<pycaret.internal.Display.Display object at 0x0000026EF1FCB608>, kwargs={})
2020-12-09 17:37:14,068:INFO:Checking exceptions
2020-12-09 17:37:14,068:INFO:Importing libraries
2020-12-09 17:37:14,069:INFO:Copying training dataset
2020-12-09 17:37:14,071:INFO:Defining folds
2020-12-09 17:37:14,071:INFO:Declaring metric variables
2020-12-09 17:37:14,094:INFO:Importing untrained model
2020-12-09 17:37:14,112:INFO:Orthogonal Matching Pursuit Imported succesfully
2020-12-09 17:37:14,151:INFO:Starting cross validation
2020-12-09 17:37:14,152:INFO:Cross validating with KFold(n_splits=5, random_state=5933, shuffle=False), n_jobs=-1
2020-12-09 17:37:14,337:INFO:Calculating mean and std
2020-12-09 17:37:14,340:INFO:Creating metrics dataframe
2020-12-09 17:37:14,355:INFO:Uploading results into container
2020-12-09 17:37:14,355:INFO:Uploading model into container now
2020-12-09 17:37:14,355:INFO:create_model_container: 7
2020-12-09 17:37:14,355:INFO:master_model_container: 7
2020-12-09 17:37:14,356:INFO:display_container: 1
2020-12-09 17:37:14,356:INFO:OrthogonalMatchingPursuit(fit_intercept=True, n_nonzero_coefs=None,
                          normalize=True, precompute='auto', tol=None)
2020-12-09 17:37:14,357:INFO:create_model() succesfully completed......................................
2020-12-09 17:37:14,466:INFO:SubProcess create_model() end ==================================
2020-12-09 17:37:14,466:INFO:Creating metrics dataframe
2020-12-09 17:37:14,595:INFO:Initializing Elastic Net
2020-12-09 17:37:14,596:INFO:Total runtime is 1.4383077144622802 minutes
2020-12-09 17:37:14,631:INFO:SubProcess create_model() called ==================================
2020-12-09 17:37:14,634:INFO:Initializing create_model()
2020-12-09 17:37:14,635:INFO:create_model(estimator=en, fold=KFold(n_splits=5, random_state=5933, shuffle=False), round=4, cross_validation=True, predict=True, fit_kwargs={}, groups=None, refit=False, verbose=False, system=False, metrics=None, display=<pycaret.internal.Display.Display object at 0x0000026EF1FCB608>, kwargs={})
2020-12-09 17:37:14,635:INFO:Checking exceptions
2020-12-09 17:37:14,635:INFO:Importing libraries
2020-12-09 17:37:14,635:INFO:Copying training dataset
2020-12-09 17:37:14,641:INFO:Defining folds
2020-12-09 17:37:14,641:INFO:Declaring metric variables
2020-12-09 17:37:14,675:INFO:Importing untrained model
2020-12-09 17:37:14,705:INFO:Elastic Net Imported succesfully
2020-12-09 17:37:14,761:INFO:Starting cross validation
2020-12-09 17:37:14,764:INFO:Cross validating with KFold(n_splits=5, random_state=5933, shuffle=False), n_jobs=-1
2020-12-09 17:37:14,930:INFO:Calculating mean and std
2020-12-09 17:37:14,932:INFO:Creating metrics dataframe
2020-12-09 17:37:14,944:INFO:Uploading results into container
2020-12-09 17:37:14,945:INFO:Uploading model into container now
2020-12-09 17:37:14,945:INFO:create_model_container: 8
2020-12-09 17:37:14,945:INFO:master_model_container: 8
2020-12-09 17:37:14,945:INFO:display_container: 1
2020-12-09 17:37:14,947:INFO:ElasticNet(alpha=1.0, copy_X=True, fit_intercept=True, l1_ratio=0.5,
           max_iter=1000, normalize=False, positive=False, precompute=False,
           random_state=5933, selection='cyclic', tol=0.0001, warm_start=False)
2020-12-09 17:37:14,947:INFO:create_model() succesfully completed......................................
2020-12-09 17:37:15,095:INFO:SubProcess create_model() end ==================================
2020-12-09 17:37:15,095:INFO:Creating metrics dataframe
2020-12-09 17:37:15,168:INFO:Initializing Bayesian Ridge
2020-12-09 17:37:15,169:INFO:Total runtime is 1.4478482047716776 minutes
2020-12-09 17:37:15,188:INFO:SubProcess create_model() called ==================================
2020-12-09 17:37:15,189:INFO:Initializing create_model()
2020-12-09 17:37:15,189:INFO:create_model(estimator=br, fold=KFold(n_splits=5, random_state=5933, shuffle=False), round=4, cross_validation=True, predict=True, fit_kwargs={}, groups=None, refit=False, verbose=False, system=False, metrics=None, display=<pycaret.internal.Display.Display object at 0x0000026EF1FCB608>, kwargs={})
2020-12-09 17:37:15,189:INFO:Checking exceptions
2020-12-09 17:37:15,190:INFO:Importing libraries
2020-12-09 17:37:15,190:INFO:Copying training dataset
2020-12-09 17:37:15,193:INFO:Defining folds
2020-12-09 17:37:15,193:INFO:Declaring metric variables
2020-12-09 17:37:15,213:INFO:Importing untrained model
2020-12-09 17:37:15,239:INFO:Bayesian Ridge Imported succesfully
2020-12-09 17:37:15,275:INFO:Starting cross validation
2020-12-09 17:37:15,277:INFO:Cross validating with KFold(n_splits=5, random_state=5933, shuffle=False), n_jobs=-1
2020-12-09 17:37:16,089:INFO:Calculating mean and std
2020-12-09 17:37:16,090:INFO:Creating metrics dataframe
2020-12-09 17:37:16,097:INFO:Uploading results into container
2020-12-09 17:37:16,097:INFO:Uploading model into container now
2020-12-09 17:37:16,097:INFO:create_model_container: 9
2020-12-09 17:37:16,098:INFO:master_model_container: 9
2020-12-09 17:37:16,098:INFO:display_container: 1
2020-12-09 17:37:16,098:INFO:BayesianRidge(alpha_1=1e-06, alpha_2=1e-06, alpha_init=None,
              compute_score=False, copy_X=True, fit_intercept=True,
              lambda_1=1e-06, lambda_2=1e-06, lambda_init=None, n_iter=300,
              normalize=False, tol=0.001, verbose=False)
2020-12-09 17:37:16,099:INFO:create_model() succesfully completed......................................
2020-12-09 17:37:16,167:INFO:SubProcess create_model() end ==================================
2020-12-09 17:37:16,167:INFO:Creating metrics dataframe
2020-12-09 17:37:16,263:INFO:Initializing create_model()
2020-12-09 17:37:16,263:INFO:create_model(estimator=<catboost.core.CatBoostRegressor object at 0x0000026EF1FC9AC8>, fold=KFold(n_splits=5, random_state=5933, shuffle=False), round=4, cross_validation=False, predict=False, fit_kwargs={}, groups=None, refit=True, verbose=False, system=False, metrics=None, display=None, kwargs={})
2020-12-09 17:37:16,264:INFO:Checking exceptions
2020-12-09 17:37:16,264:INFO:Importing libraries
2020-12-09 17:37:16,264:INFO:Copying training dataset
2020-12-09 17:37:16,268:INFO:Defining folds
2020-12-09 17:37:16,268:INFO:Declaring metric variables
2020-12-09 17:37:16,268:INFO:Importing untrained model
2020-12-09 17:37:16,268:INFO:Declaring custom model
2020-12-09 17:37:16,269:INFO:CatBoost Regressor Imported succesfully
2020-12-09 17:37:16,270:INFO:Cross validation set to False
2020-12-09 17:37:16,270:INFO:Fitting Model
2020-12-09 17:37:27,573:INFO:<catboost.core.CatBoostRegressor object at 0x0000026EF31B6A88>
2020-12-09 17:37:27,573:INFO:create_models() succesfully completed......................................
2020-12-09 17:37:27,760:INFO:create_model_container: 9
2020-12-09 17:37:27,760:INFO:master_model_container: 9
2020-12-09 17:37:27,760:INFO:display_container: 1
2020-12-09 17:37:27,760:INFO:<catboost.core.CatBoostRegressor object at 0x0000026EF31B6A88>
2020-12-09 17:37:27,760:INFO:compare_models() succesfully completed......................................
2020-12-09 17:37:27,770:INFO:Initializing create_model()
2020-12-09 17:37:27,771:INFO:create_model(estimator=br, fold=None, round=4, cross_validation=True, predict=True, fit_kwargs=None, groups=None, refit=True, verbose=True, system=True, metrics=None, display=None, kwargs={})
2020-12-09 17:37:27,772:INFO:Checking exceptions
2020-12-09 17:37:27,772:INFO:Preparing display monitor
2020-12-09 17:37:27,837:INFO:Importing libraries
2020-12-09 17:37:27,837:INFO:Copying training dataset
2020-12-09 17:37:27,840:INFO:Defining folds
2020-12-09 17:37:27,841:INFO:Declaring metric variables
2020-12-09 17:37:27,882:INFO:Importing untrained model
2020-12-09 17:37:27,909:INFO:Bayesian Ridge Imported succesfully
2020-12-09 17:37:27,951:INFO:Starting cross validation
2020-12-09 17:37:27,952:INFO:Cross validating with KFold(n_splits=5, random_state=5933, shuffle=False), n_jobs=-1
2020-12-09 17:37:29,257:INFO:Calculating mean and std
2020-12-09 17:37:29,258:INFO:Creating metrics dataframe
2020-12-09 17:37:29,278:INFO:Finalizing model
2020-12-09 17:37:29,495:INFO:Uploading results into container
2020-12-09 17:37:29,495:INFO:Uploading model into container now
2020-12-09 17:37:29,577:INFO:create_model_container: 10
2020-12-09 17:37:29,577:INFO:master_model_container: 10
2020-12-09 17:37:29,577:INFO:display_container: 2
2020-12-09 17:37:29,580:INFO:BayesianRidge(alpha_1=1e-06, alpha_2=1e-06, alpha_init=None,
              compute_score=False, copy_X=True, fit_intercept=True,
              lambda_1=1e-06, lambda_2=1e-06, lambda_init=None, n_iter=300,
              normalize=False, tol=0.001, verbose=False)
2020-12-09 17:37:29,580:INFO:create_model() succesfully completed......................................
2020-12-09 17:37:29,710:INFO:Initializing create_model()
2020-12-09 17:37:29,710:INFO:create_model(estimator=catboost, fold=None, round=4, cross_validation=True, predict=True, fit_kwargs=None, groups=None, refit=True, verbose=True, system=True, metrics=None, display=None, kwargs={})
2020-12-09 17:37:29,710:INFO:Checking exceptions
2020-12-09 17:37:29,711:INFO:Preparing display monitor
2020-12-09 17:37:29,755:INFO:Importing libraries
2020-12-09 17:37:29,755:INFO:Copying training dataset
2020-12-09 17:37:29,760:INFO:Defining folds
2020-12-09 17:37:29,760:INFO:Declaring metric variables
2020-12-09 17:37:29,783:INFO:Importing untrained model
2020-12-09 17:37:29,803:INFO:CatBoost Regressor Imported succesfully
2020-12-09 17:37:29,856:INFO:Starting cross validation
2020-12-09 17:37:29,859:INFO:Cross validating with KFold(n_splits=5, random_state=5933, shuffle=False), n_jobs=-1
2020-12-09 17:38:29,764:INFO:Calculating mean and std
2020-12-09 17:38:29,767:INFO:Creating metrics dataframe
2020-12-09 17:38:29,811:INFO:Finalizing model
2020-12-09 17:38:47,150:INFO:Uploading results into container
2020-12-09 17:38:47,153:INFO:Uploading model into container now
2020-12-09 17:38:47,221:INFO:create_model_container: 11
2020-12-09 17:38:47,221:INFO:master_model_container: 11
2020-12-09 17:38:47,222:INFO:display_container: 3
2020-12-09 17:38:47,222:INFO:<catboost.core.CatBoostRegressor object at 0x0000026EE81E8D08>
2020-12-09 17:38:47,222:INFO:create_model() succesfully completed......................................
2020-12-09 17:38:47,362:INFO:Initializing create_model()
2020-12-09 17:38:47,362:INFO:create_model(estimator=omp, fold=None, round=4, cross_validation=True, predict=True, fit_kwargs=None, groups=None, refit=True, verbose=True, system=True, metrics=None, display=None, kwargs={})
2020-12-09 17:38:47,363:INFO:Checking exceptions
2020-12-09 17:38:47,363:INFO:Preparing display monitor
2020-12-09 17:38:47,422:INFO:Importing libraries
2020-12-09 17:38:47,422:INFO:Copying training dataset
2020-12-09 17:38:47,425:INFO:Defining folds
2020-12-09 17:38:47,426:INFO:Declaring metric variables
2020-12-09 17:38:47,453:INFO:Importing untrained model
2020-12-09 17:38:47,474:INFO:Orthogonal Matching Pursuit Imported succesfully
2020-12-09 17:38:47,535:INFO:Starting cross validation
2020-12-09 17:38:47,537:INFO:Cross validating with KFold(n_splits=5, random_state=5933, shuffle=False), n_jobs=-1
2020-12-09 17:38:47,802:INFO:Calculating mean and std
2020-12-09 17:38:47,811:INFO:Creating metrics dataframe
2020-12-09 17:38:47,865:INFO:Finalizing model
2020-12-09 17:38:47,927:INFO:Uploading results into container
2020-12-09 17:38:47,931:INFO:Uploading model into container now
2020-12-09 17:38:48,046:INFO:create_model_container: 12
2020-12-09 17:38:48,046:INFO:master_model_container: 12
2020-12-09 17:38:48,047:INFO:display_container: 4
2020-12-09 17:38:48,047:INFO:OrthogonalMatchingPursuit(fit_intercept=True, n_nonzero_coefs=None,
                          normalize=True, precompute='auto', tol=None)
2020-12-09 17:38:48,047:INFO:create_model() succesfully completed......................................
2020-12-09 17:38:48,266:INFO:Initializing tune_model()
2020-12-09 17:38:48,266:INFO:tune_model(estimator=BayesianRidge(alpha_1=1e-06, alpha_2=1e-06, alpha_init=None,
              compute_score=False, copy_X=True, fit_intercept=True,
              lambda_1=1e-06, lambda_2=1e-06, lambda_init=None, n_iter=300,
              normalize=False, tol=0.001, verbose=False), fold=None, round=4, n_iter=10, custom_grid=None, optimize=R2, custom_scorer=None, search_library=scikit-learn, search_algorithm=None, early_stopping=False, early_stopping_max_iters=10, choose_better=False, fit_kwargs=None, groups=None, return_tuner=False, verbose=True, tuner_verbose=True, display=None, kwargs={})
2020-12-09 17:38:48,266:INFO:Checking exceptions
2020-12-09 17:38:48,267:INFO:Preparing display monitor
2020-12-09 17:38:48,358:INFO:Copying training dataset
2020-12-09 17:38:48,363:INFO:Checking base model
2020-12-09 17:38:48,365:INFO:Base model : Bayesian Ridge
2020-12-09 17:38:48,394:INFO:Declaring metric variables
2020-12-09 17:38:48,421:INFO:Defining Hyperparameters
2020-12-09 17:38:48,621:INFO:Tuning with n_jobs=-1
2020-12-09 17:38:48,621:INFO:Initializing RandomizedSearchCV
2020-12-09 17:38:55,607:INFO:best_params: {'actual_estimator__normalize': False, 'actual_estimator__lambda_2': 0.005, 'actual_estimator__lambda_1': 1e-06, 'actual_estimator__fit_intercept': True, 'actual_estimator__compute_score': True, 'actual_estimator__alpha_2': 0.1, 'actual_estimator__alpha_1': 0.3}
2020-12-09 17:38:55,609:INFO:Random search completed
2020-12-09 17:38:55,609:INFO:SubProcess create_model() called ==================================
2020-12-09 17:38:55,611:INFO:Initializing create_model()
2020-12-09 17:38:55,611:INFO:create_model(estimator=BayesianRidge(alpha_1=1e-06, alpha_2=1e-06, alpha_init=None,
              compute_score=False, copy_X=True, fit_intercept=True,
              lambda_1=1e-06, lambda_2=1e-06, lambda_init=None, n_iter=300,
              normalize=False, tol=0.001, verbose=False), fold=KFold(n_splits=5, random_state=5933, shuffle=False), round=4, cross_validation=True, predict=True, fit_kwargs={}, groups=None, refit=True, verbose=True, system=False, metrics=None, display=<pycaret.internal.Display.Display object at 0x0000026EF1FA7088>, kwargs={'normalize': False, 'lambda_2': 0.005, 'lambda_1': 1e-06, 'fit_intercept': True, 'compute_score': True, 'alpha_2': 0.1, 'alpha_1': 0.3})
2020-12-09 17:38:55,611:INFO:Checking exceptions
2020-12-09 17:38:55,612:INFO:Importing libraries
2020-12-09 17:38:55,612:INFO:Copying training dataset
2020-12-09 17:38:55,615:INFO:Defining folds
2020-12-09 17:38:55,616:INFO:Declaring metric variables
2020-12-09 17:38:55,651:INFO:Importing untrained model
2020-12-09 17:38:55,651:INFO:Declaring custom model
2020-12-09 17:38:55,677:INFO:Bayesian Ridge Imported succesfully
2020-12-09 17:38:55,756:INFO:Starting cross validation
2020-12-09 17:38:55,759:INFO:Cross validating with KFold(n_splits=5, random_state=5933, shuffle=False), n_jobs=-1
2020-12-09 17:38:56,737:INFO:Calculating mean and std
2020-12-09 17:38:56,739:INFO:Creating metrics dataframe
2020-12-09 17:38:56,772:INFO:Finalizing model
2020-12-09 17:38:57,394:INFO:Uploading results into container
2020-12-09 17:38:57,394:INFO:Uploading model into container now
2020-12-09 17:38:57,395:INFO:create_model_container: 13
2020-12-09 17:38:57,395:INFO:master_model_container: 13
2020-12-09 17:38:57,395:INFO:display_container: 5
2020-12-09 17:38:57,396:INFO:BayesianRidge(alpha_1=0.3, alpha_2=0.1, alpha_init=None, compute_score=True,
              copy_X=True, fit_intercept=True, lambda_1=1e-06, lambda_2=0.005,
              lambda_init=None, n_iter=300, normalize=False, tol=0.001,
              verbose=False)
2020-12-09 17:38:57,396:INFO:create_model() succesfully completed......................................
2020-12-09 17:38:57,515:INFO:SubProcess create_model() end ==================================
2020-12-09 17:38:57,578:INFO:create_model_container: 13
2020-12-09 17:38:57,579:INFO:master_model_container: 13
2020-12-09 17:38:57,579:INFO:display_container: 5
2020-12-09 17:38:57,580:INFO:BayesianRidge(alpha_1=0.3, alpha_2=0.1, alpha_init=None, compute_score=True,
              copy_X=True, fit_intercept=True, lambda_1=1e-06, lambda_2=0.005,
              lambda_init=None, n_iter=300, normalize=False, tol=0.001,
              verbose=False)
2020-12-09 17:38:57,580:INFO:tune_model() succesfully completed......................................
2020-12-09 17:38:57,858:INFO:Initializing tune_model()
2020-12-09 17:38:57,859:INFO:tune_model(estimator=<catboost.core.CatBoostRegressor object at 0x0000026EE81E8D08>, fold=None, round=4, n_iter=10, custom_grid=None, optimize=R2, custom_scorer=None, search_library=scikit-learn, search_algorithm=None, early_stopping=False, early_stopping_max_iters=10, choose_better=False, fit_kwargs=None, groups=None, return_tuner=False, verbose=True, tuner_verbose=True, display=None, kwargs={})
2020-12-09 17:38:57,859:INFO:Checking exceptions
2020-12-09 17:38:57,859:INFO:Preparing display monitor
2020-12-09 17:38:57,919:INFO:Copying training dataset
2020-12-09 17:38:57,922:INFO:Checking base model
2020-12-09 17:38:57,923:INFO:Base model : CatBoost Regressor
2020-12-09 17:38:57,949:INFO:Declaring metric variables
2020-12-09 17:38:57,968:INFO:Defining Hyperparameters
2020-12-09 17:38:58,094:INFO:Tuning with n_jobs=-1
2020-12-09 17:38:58,094:INFO:Initializing RandomizedSearchCV
2020-12-09 17:40:06,936:INFO:best_params: {'actual_estimator__random_strength': 0.8, 'actual_estimator__n_estimators': 280, 'actual_estimator__l2_leaf_reg': 3, 'actual_estimator__depth': 6}
2020-12-09 17:40:06,937:INFO:Random search completed
2020-12-09 17:40:06,938:INFO:SubProcess create_model() called ==================================
2020-12-09 17:40:06,938:INFO:Initializing create_model()
2020-12-09 17:40:06,938:INFO:create_model(estimator=<catboost.core.CatBoostRegressor object at 0x0000026EF3148D08>, fold=KFold(n_splits=5, random_state=5933, shuffle=False), round=4, cross_validation=True, predict=True, fit_kwargs={}, groups=None, refit=True, verbose=True, system=False, metrics=None, display=<pycaret.internal.Display.Display object at 0x0000026EF1FCC948>, kwargs={'random_strength': 0.8, 'n_estimators': 280, 'l2_leaf_reg': 3, 'depth': 6})
2020-12-09 17:40:06,939:INFO:Checking exceptions
2020-12-09 17:40:06,939:INFO:Importing libraries
2020-12-09 17:40:06,939:INFO:Copying training dataset
2020-12-09 17:40:06,942:INFO:Defining folds
2020-12-09 17:40:06,942:INFO:Declaring metric variables
2020-12-09 17:40:06,964:INFO:Importing untrained model
2020-12-09 17:40:06,964:INFO:Declaring custom model
2020-12-09 17:40:06,985:INFO:CatBoost Regressor Imported succesfully
2020-12-09 17:40:07,026:INFO:Starting cross validation
2020-12-09 17:40:07,028:INFO:Cross validating with KFold(n_splits=5, random_state=5933, shuffle=False), n_jobs=-1
2020-12-09 17:40:20,867:INFO:Calculating mean and std
2020-12-09 17:40:20,869:INFO:Creating metrics dataframe
2020-12-09 17:40:20,898:INFO:Finalizing model
2020-12-09 17:40:24,243:INFO:Uploading results into container
2020-12-09 17:40:24,244:INFO:Uploading model into container now
2020-12-09 17:40:24,244:INFO:create_model_container: 14
2020-12-09 17:40:24,244:INFO:master_model_container: 14
2020-12-09 17:40:24,244:INFO:display_container: 6
2020-12-09 17:40:24,244:INFO:<catboost.core.CatBoostRegressor object at 0x0000026EF1E53508>
2020-12-09 17:40:24,244:INFO:create_model() succesfully completed......................................
2020-12-09 17:40:24,343:INFO:SubProcess create_model() end ==================================
2020-12-09 17:40:24,403:INFO:create_model_container: 14
2020-12-09 17:40:24,404:INFO:master_model_container: 14
2020-12-09 17:40:24,404:INFO:display_container: 6
2020-12-09 17:40:24,405:INFO:<catboost.core.CatBoostRegressor object at 0x0000026EF1E53508>
2020-12-09 17:40:24,405:INFO:tune_model() succesfully completed......................................
2020-12-09 17:40:24,512:INFO:Initializing tune_model()
2020-12-09 17:40:24,512:INFO:tune_model(estimator=OrthogonalMatchingPursuit(fit_intercept=True, n_nonzero_coefs=None,
                          normalize=True, precompute='auto', tol=None), fold=None, round=4, n_iter=10, custom_grid=None, optimize=MSE, custom_scorer=None, search_library=scikit-learn, search_algorithm=None, early_stopping=False, early_stopping_max_iters=10, choose_better=False, fit_kwargs=None, groups=None, return_tuner=False, verbose=True, tuner_verbose=True, display=None, kwargs={})
2020-12-09 17:40:24,512:INFO:Checking exceptions
2020-12-09 17:40:24,513:INFO:Preparing display monitor
2020-12-09 17:40:24,561:INFO:Copying training dataset
2020-12-09 17:40:24,564:INFO:Checking base model
2020-12-09 17:40:24,565:INFO:Base model : Orthogonal Matching Pursuit
2020-12-09 17:40:24,586:INFO:Declaring metric variables
2020-12-09 17:40:24,605:INFO:Defining Hyperparameters
2020-12-09 17:40:24,700:INFO:Tuning with n_jobs=-1
2020-12-09 17:40:24,700:INFO:Initializing RandomizedSearchCV
2020-12-09 17:40:26,378:INFO:best_params: {'actual_estimator__normalize': True, 'actual_estimator__n_nonzero_coefs': 68, 'actual_estimator__fit_intercept': False}
2020-12-09 17:40:26,379:INFO:Random search completed
2020-12-09 17:40:26,380:INFO:SubProcess create_model() called ==================================
2020-12-09 17:40:26,381:INFO:Initializing create_model()
2020-12-09 17:40:26,381:INFO:create_model(estimator=OrthogonalMatchingPursuit(fit_intercept=True, n_nonzero_coefs=None,
                          normalize=True, precompute='auto', tol=None), fold=KFold(n_splits=5, random_state=5933, shuffle=False), round=4, cross_validation=True, predict=True, fit_kwargs={}, groups=None, refit=True, verbose=True, system=False, metrics=None, display=<pycaret.internal.Display.Display object at 0x0000026EF31A71C8>, kwargs={'normalize': True, 'n_nonzero_coefs': 68, 'fit_intercept': False})
2020-12-09 17:40:26,381:INFO:Checking exceptions
2020-12-09 17:40:26,381:INFO:Importing libraries
2020-12-09 17:40:26,381:INFO:Copying training dataset
2020-12-09 17:40:26,384:INFO:Defining folds
2020-12-09 17:40:26,385:INFO:Declaring metric variables
2020-12-09 17:40:26,410:INFO:Importing untrained model
2020-12-09 17:40:26,410:INFO:Declaring custom model
2020-12-09 17:40:26,433:INFO:Orthogonal Matching Pursuit Imported succesfully
2020-12-09 17:40:26,478:INFO:Starting cross validation
2020-12-09 17:40:26,479:INFO:Cross validating with KFold(n_splits=5, random_state=5933, shuffle=False), n_jobs=-1
2020-12-09 17:40:26,628:INFO:Calculating mean and std
2020-12-09 17:40:26,630:INFO:Creating metrics dataframe
2020-12-09 17:40:26,663:INFO:Finalizing model
2020-12-09 17:40:26,695:INFO:Uploading results into container
2020-12-09 17:40:26,695:INFO:Uploading model into container now
2020-12-09 17:40:26,696:INFO:create_model_container: 15
2020-12-09 17:40:26,696:INFO:master_model_container: 15
2020-12-09 17:40:26,696:INFO:display_container: 7
2020-12-09 17:40:26,696:INFO:OrthogonalMatchingPursuit(fit_intercept=False, n_nonzero_coefs=68,
                          normalize=True, precompute='auto', tol=None)
2020-12-09 17:40:26,697:INFO:create_model() succesfully completed......................................
2020-12-09 17:40:26,791:INFO:SubProcess create_model() end ==================================
2020-12-09 17:40:26,850:INFO:create_model_container: 15
2020-12-09 17:40:26,850:INFO:master_model_container: 15
2020-12-09 17:40:26,851:INFO:display_container: 7
2020-12-09 17:40:26,851:INFO:OrthogonalMatchingPursuit(fit_intercept=False, n_nonzero_coefs=68,
                          normalize=True, precompute='auto', tol=None)
2020-12-09 17:40:26,851:INFO:tune_model() succesfully completed......................................
2020-12-09 17:40:26,966:INFO:Initializing plot_model()
2020-12-09 17:40:26,967:INFO:plot_model(plot=feature, fold=None, use_train_data=False, verbose=True, display=None, estimator=OrthogonalMatchingPursuit(fit_intercept=False, n_nonzero_coefs=68,
                          normalize=True, precompute='auto', tol=None), feature_name=None, fit_kwargs=None, groups=None, label=False, save=False, scale=1, system=True)
2020-12-09 17:40:26,967:INFO:Checking exceptions
2020-12-09 17:40:26,967:INFO:Preparing display monitor
2020-12-09 17:40:26,993:INFO:Preloading libraries
2020-12-09 17:40:26,998:INFO:Copying training dataset
2020-12-09 17:40:26,999:INFO:Copying test dataset
2020-12-09 17:40:27,000:INFO:Plot type: feature
2020-12-09 17:40:27,608:INFO:Visual Rendered Successfully
2020-12-09 17:40:27,709:INFO:plot_model() succesfully completed......................................
2020-12-09 17:40:27,742:INFO:Initializing evaluate_model()
2020-12-09 17:40:27,743:INFO:evaluate_model(estimator=OrthogonalMatchingPursuit(fit_intercept=False, n_nonzero_coefs=68,
                          normalize=True, precompute='auto', tol=None), fold=None, fit_kwargs=None, feature_name=None, groups=None, use_train_data=False)
2020-12-09 17:40:27,787:INFO:Initializing plot_model()
2020-12-09 17:40:27,788:INFO:plot_model(plot=parameter, fold=KFold(n_splits=5, random_state=5933, shuffle=False), use_train_data=False, verbose=True, display=None, estimator=OrthogonalMatchingPursuit(fit_intercept=False, n_nonzero_coefs=68,
                          normalize=True, precompute='auto', tol=None), feature_name=None, fit_kwargs={}, groups=None, label=False, save=False, scale=1, system=True)
2020-12-09 17:40:27,789:INFO:Checking exceptions
2020-12-09 17:40:27,789:INFO:Preparing display monitor
2020-12-09 17:40:27,808:INFO:Preloading libraries
2020-12-09 17:40:27,811:INFO:Copying training dataset
2020-12-09 17:40:27,812:INFO:Copying test dataset
2020-12-09 17:40:27,814:INFO:Plot type: parameter
2020-12-09 17:40:27,827:INFO:Visual Rendered Successfully
2020-12-09 17:40:27,933:INFO:plot_model() succesfully completed......................................
2020-12-09 17:40:27,949:INFO:Initializing predict_model()
2020-12-09 17:40:27,949:INFO:predict_model(estimator=OrthogonalMatchingPursuit(fit_intercept=False, n_nonzero_coefs=68,
                          normalize=True, precompute='auto', tol=None), probability_threshold=None, encoded_labels=True, round=4, verbose=True, ml_usecase=MLUsecase.REGRESSION, display=None)
2020-12-09 17:40:27,950:INFO:Checking exceptions
2020-12-09 17:40:27,950:INFO:Preloading libraries
2020-12-09 17:40:27,951:INFO:Preparing display monitor
2020-12-09 17:40:28,199:INFO:Initializing finalize_model()
2020-12-09 17:40:28,199:INFO:finalize_model(estimator=OrthogonalMatchingPursuit(fit_intercept=False, n_nonzero_coefs=68,
                          normalize=True, precompute='auto', tol=None), fit_kwargs=None, groups=None, model_only=True, display=None)
2020-12-09 17:40:28,200:INFO:Finalizing OrthogonalMatchingPursuit(fit_intercept=False, n_nonzero_coefs=68,
                          normalize=True, precompute='auto', tol=None)
2020-12-09 17:40:28,201:INFO:Initializing create_model()
2020-12-09 17:40:28,201:INFO:create_model(estimator=OrthogonalMatchingPursuit(fit_intercept=False, n_nonzero_coefs=68,
                          normalize=True, precompute='auto', tol=None), fold=None, round=4, cross_validation=True, predict=True, fit_kwargs={}, groups=None, refit=True, verbose=False, system=False, metrics=None, display=None, kwargs={})
2020-12-09 17:40:28,201:INFO:Checking exceptions
2020-12-09 17:40:28,202:INFO:Importing libraries
2020-12-09 17:40:28,202:INFO:Copying training dataset
2020-12-09 17:40:28,204:INFO:Defining folds
2020-12-09 17:40:28,204:INFO:Declaring metric variables
2020-12-09 17:40:28,205:INFO:Importing untrained model
2020-12-09 17:40:28,205:INFO:Declaring custom model
2020-12-09 17:40:28,206:INFO:Orthogonal Matching Pursuit Imported succesfully
2020-12-09 17:40:28,206:INFO:Starting cross validation
2020-12-09 17:40:28,207:INFO:Cross validating with KFold(n_splits=5, random_state=5933, shuffle=False), n_jobs=-1
2020-12-09 17:40:28,364:INFO:Calculating mean and std
2020-12-09 17:40:28,365:INFO:Creating metrics dataframe
2020-12-09 17:40:28,374:INFO:Finalizing model
2020-12-09 17:40:28,406:INFO:Uploading results into container
2020-12-09 17:40:28,406:INFO:Uploading model into container now
2020-12-09 17:40:28,406:INFO:create_model_container: 16
2020-12-09 17:40:28,406:INFO:master_model_container: 16
2020-12-09 17:40:28,406:INFO:display_container: 9
2020-12-09 17:40:28,408:INFO:OrthogonalMatchingPursuit(fit_intercept=False, n_nonzero_coefs=68,
                          normalize=True, precompute='auto', tol=None)
2020-12-09 17:40:28,408:INFO:create_model() succesfully completed......................................
2020-12-09 17:40:28,526:INFO:create_model_container: 16
2020-12-09 17:40:28,526:INFO:master_model_container: 16
2020-12-09 17:40:28,526:INFO:display_container: 8
2020-12-09 17:40:28,527:INFO:OrthogonalMatchingPursuit(fit_intercept=False, n_nonzero_coefs=68,
                          normalize=True, precompute='auto', tol=None)
2020-12-09 17:40:28,527:INFO:finalize_model() succesfully completed......................................
2020-12-09 17:40:28,667:INFO:Initializing predict_model()
2020-12-09 17:40:28,670:INFO:predict_model(estimator=OrthogonalMatchingPursuit(fit_intercept=False, n_nonzero_coefs=68,
                          normalize=True, precompute='auto', tol=None), probability_threshold=None, encoded_labels=True, round=4, verbose=True, ml_usecase=MLUsecase.REGRESSION, display=None)
2020-12-09 17:40:28,670:INFO:Checking exceptions
2020-12-09 17:40:28,670:INFO:Preloading libraries
2020-12-09 17:40:28,670:INFO:Preparing display monitor
2020-12-09 17:40:29,634:INFO:Initializing save_model()
2020-12-09 17:40:29,635:INFO:save_model(model=OrthogonalMatchingPursuit(fit_intercept=False, n_nonzero_coefs=68,
                          normalize=True, precompute='auto', tol=None), model_name=Final Orthogonal Matching Pursuit Model, prep_pipe_=Pipeline(memory=None,
         steps=[('dtypes',
                 DataTypes_Auto_infer(categorical_features=['MSSubClass'],
                                      display_types=True, features_todrop=[],
                                      id_columns=[], ml_usecase='regression',
                                      numerical_features=[], target='SalePrice',
                                      time_features=[])),
                ('imputer',
                 Simple_Imputer(categorical_strategy='not_available',
                                fill_value_categorical=None,
                                fill_value_numerical=None,
                                nu...
                ('P_transform', 'passthrough'), ('binn', 'passthrough'),
                ('rem_outliers', 'passthrough'), ('cluster_all', 'passthrough'),
                ('dummy', Dummify(target='SalePrice')),
                ('fix_perfect', Remove_100(target='SalePrice')),
                ('clean_names', Clean_Colum_Names()),
                ('feature_select', 'passthrough'), ('fix_multi', 'passthrough'),
                ('dfs', 'passthrough'), ('pca', 'passthrough')],
         verbose=False), verbose=True)
2020-12-09 17:40:29,635:INFO:Adding model into prep_pipe
2020-12-09 17:40:29,716:INFO:Final Orthogonal Matching Pursuit Model.pkl saved in current working directory
2020-12-09 17:40:29,734:INFO:Pipeline(memory=None,
         steps=[('dtypes',
                 DataTypes_Auto_infer(categorical_features=['MSSubClass'],
                                      display_types=True, features_todrop=[],
                                      id_columns=[], ml_usecase='regression',
                                      numerical_features=[], target='SalePrice',
                                      time_features=[])),
                ('imputer',
                 Simple_Imputer(categorical_strategy='not_available',
                                fill_value_categorical=None,
                                fill_value_numerical=None,
                                nu...
                ('dummy', Dummify(target='SalePrice')),
                ('fix_perfect', Remove_100(target='SalePrice')),
                ('clean_names', Clean_Colum_Names()),
                ('feature_select', 'passthrough'), ('fix_multi', 'passthrough'),
                ('dfs', 'passthrough'), ('pca', 'passthrough'),
                ['trained_model',
                 OrthogonalMatchingPursuit(fit_intercept=False,
                                           n_nonzero_coefs=68, normalize=True,
                                           precompute='auto', tol=None)]],
         verbose=False)
2020-12-09 17:40:29,734:INFO:save_model() succesfully completed......................................
